2025-03-28 12:25:07.177191+00:00 [notice] <0.216.0> Logging: configured log handlers are now ACTIVE
2025-03-28 12:25:07.184717+00:00 [info] <0.216.0> ra: starting system quorum_queues
2025-03-28 12:25:07.184793+00:00 [info] <0.216.0> starting Ra system: quorum_queues in directory: /var/lib/rabbitmq/mnesia/rabbit@1161c5ae6e6d/quorum/rabbit@1161c5ae6e6d
2025-03-28 12:25:07.252636+00:00 [info] <0.230.0> ra system 'quorum_queues' running pre init for 0 registered servers
2025-03-28 12:25:07.265038+00:00 [info] <0.231.0> ra: meta data store initialised for system quorum_queues. 0 record(s) recovered
2025-03-28 12:25:07.278539+00:00 [notice] <0.236.0> WAL: ra_log_wal init, open tbls: ra_log_open_mem_tables, closed tbls: ra_log_closed_mem_tables
2025-03-28 12:25:07.304166+00:00 [info] <0.238.0> ra_system_recover: ra system 'quorum_queues' server recovery strategy rabbit_quorum_queue:system_recover
2025-03-28 12:25:07.304258+00:00 [info] <0.238.0> [rabbit_quorum_queue:system_recover/1] rabbit not booted, skipping queue recovery
2025-03-28 12:25:07.304443+00:00 [info] <0.216.0> ra: starting system coordination
2025-03-28 12:25:07.304479+00:00 [info] <0.216.0> starting Ra system: coordination in directory: /var/lib/rabbitmq/mnesia/rabbit@1161c5ae6e6d/coordination/rabbit@1161c5ae6e6d
2025-03-28 12:25:07.314627+00:00 [info] <0.244.0> ra system 'coordination' running pre init for 0 registered servers
2025-03-28 12:25:07.318035+00:00 [info] <0.245.0> ra: meta data store initialised for system coordination. 0 record(s) recovered
2025-03-28 12:25:07.318244+00:00 [notice] <0.250.0> WAL: ra_coordination_log_wal init, open tbls: ra_coordination_log_open_mem_tables, closed tbls: ra_coordination_log_closed_mem_tables
2025-03-28 12:25:07.326202+00:00 [info] <0.216.0> ra: starting system coordination
2025-03-28 12:25:07.326246+00:00 [info] <0.216.0> starting Ra system: coordination in directory: /var/lib/rabbitmq/mnesia/rabbit@1161c5ae6e6d/coordination/rabbit@1161c5ae6e6d
2025-03-28 12:25:07.434460+00:00 [notice] <0.254.0> RabbitMQ metadata store: candidate -> leader in term: 1 machine version: 1
2025-03-28 12:25:07.594504+00:00 [info] <0.216.0> 
2025-03-28 12:25:07.594504+00:00 [info] <0.216.0>  Starting RabbitMQ 4.0.7 on Erlang 27.3 [jit]
2025-03-28 12:25:07.594504+00:00 [info] <0.216.0>  Copyright (c) 2007-2024 Broadcom Inc and/or its subsidiaries
2025-03-28 12:25:07.594504+00:00 [info] <0.216.0>  Licensed under the MPL 2.0. Website: https://rabbitmq.com
2025-03-28 12:25:07.598944+00:00 [info] <0.216.0> 
2025-03-28 12:25:07.598944+00:00 [info] <0.216.0>  node           : rabbit@1161c5ae6e6d
2025-03-28 12:25:07.598944+00:00 [info] <0.216.0>  home dir       : /var/lib/rabbitmq
2025-03-28 12:25:07.598944+00:00 [info] <0.216.0>  config file(s) : /etc/rabbitmq/rabbitmq.conf
2025-03-28 12:25:07.598944+00:00 [info] <0.216.0>  cookie hash    : pxp1VrTqYaANd+ndUvOkwQ==
2025-03-28 12:25:07.598944+00:00 [info] <0.216.0>  log(s)         : /var/log/rabbitmq/rabbit@1161c5ae6e6d.log
2025-03-28 12:25:07.598944+00:00 [info] <0.216.0>                 : <stdout>
2025-03-28 12:25:07.598944+00:00 [info] <0.216.0>  data dir       : /var/lib/rabbitmq/mnesia/rabbit@1161c5ae6e6d
2025-03-28 12:25:07.898050+00:00 [info] <0.216.0> Running boot step pre_boot defined by app rabbit
2025-03-28 12:25:07.898122+00:00 [info] <0.216.0> Running boot step rabbit_global_counters defined by app rabbit
2025-03-28 12:25:07.898362+00:00 [info] <0.216.0> Running boot step rabbit_osiris_metrics defined by app rabbit
2025-03-28 12:25:07.898478+00:00 [info] <0.216.0> Running boot step rabbit_core_metrics defined by app rabbit
2025-03-28 12:25:07.899861+00:00 [info] <0.216.0> Running boot step rabbit_alarm defined by app rabbit
2025-03-28 12:25:07.909751+00:00 [info] <0.284.0> Memory high watermark set to 4567 MiB (4789837824 bytes) of 7613 MiB (7983063040 bytes) total
2025-03-28 12:25:07.912957+00:00 [info] <0.286.0> Enabling free disk space monitoring (disk free space: 17687232512, total memory: 7983063040)
2025-03-28 12:25:07.913009+00:00 [info] <0.286.0> Disk free limit set to 50MB
2025-03-28 12:25:07.914955+00:00 [info] <0.216.0> Running boot step code_server_cache defined by app rabbit
2025-03-28 12:25:07.915036+00:00 [info] <0.216.0> Running boot step file_handle_cache defined by app rabbit
2025-03-28 12:25:07.921549+00:00 [info] <0.289.0> Limiting to approx 1048479 file handles (943629 sockets)
2025-03-28 12:25:07.921731+00:00 [info] <0.290.0> FHC read buffering: OFF
2025-03-28 12:25:07.921767+00:00 [info] <0.290.0> FHC write buffering: ON
2025-03-28 12:25:07.922399+00:00 [info] <0.216.0> Running boot step worker_pool defined by app rabbit
2025-03-28 12:25:07.922494+00:00 [info] <0.271.0> Will use 12 processes for default worker pool
2025-03-28 12:25:07.922525+00:00 [info] <0.271.0> Starting worker pool 'worker_pool' with 12 processes in it
2025-03-28 12:25:07.922909+00:00 [info] <0.216.0> Running boot step rabbit_registry defined by app rabbit
2025-03-28 12:25:07.922958+00:00 [info] <0.216.0> Running boot step database defined by app rabbit
2025-03-28 12:25:07.924391+00:00 [info] <0.216.0> Peer discovery: configured backend: rabbit_peer_discovery_classic_config
2025-03-28 12:25:07.929445+00:00 [notice] <0.272.0> Feature flags: attempt to enable `quorum_queue_non_voters`...
2025-03-28 12:25:07.940822+00:00 [notice] <0.272.0> Feature flags: `quorum_queue_non_voters` enabled
2025-03-28 12:25:07.940942+00:00 [notice] <0.272.0> Feature flags: attempt to enable `rabbitmq_4.0.0`...
2025-03-28 12:25:07.955606+00:00 [notice] <0.272.0> Feature flags: `rabbitmq_4.0.0` enabled
2025-03-28 12:25:07.955707+00:00 [notice] <0.272.0> Feature flags: attempt to enable `rabbit_exchange_type_local_random`...
2025-03-28 12:25:07.974612+00:00 [notice] <0.272.0> Feature flags: `rabbit_exchange_type_local_random` enabled
2025-03-28 12:25:07.974737+00:00 [notice] <0.272.0> Feature flags: attempt to enable `message_containers_deaths_v2`...
2025-03-28 12:25:07.990298+00:00 [notice] <0.272.0> Feature flags: `message_containers_deaths_v2` enabled
2025-03-28 12:25:07.990467+00:00 [notice] <0.272.0> Feature flags: attempt to enable `detailed_queues_endpoint`...
2025-03-28 12:25:08.006370+00:00 [notice] <0.272.0> Feature flags: `detailed_queues_endpoint` enabled
2025-03-28 12:25:08.006666+00:00 [info] <0.216.0> DB: virgin node -> run peer discovery
2025-03-28 12:25:08.006715+00:00 [warning] <0.216.0> Classic peer discovery backend: list of nodes does not contain the local node []
2025-03-28 12:25:08.017516+00:00 [notice] <0.45.0> Application mnesia exited with reason: stopped
2025-03-28 12:25:08.476948+00:00 [info] <0.216.0> Waiting for Mnesia tables for 30000 ms, 9 retries left
2025-03-28 12:25:08.477122+00:00 [info] <0.216.0> Successfully synced tables from a peer
2025-03-28 12:25:08.477267+00:00 [info] <0.216.0> Waiting for Mnesia tables for 30000 ms, 9 retries left
2025-03-28 12:25:08.477403+00:00 [info] <0.216.0> Successfully synced tables from a peer
2025-03-28 12:25:08.493297+00:00 [info] <0.216.0> Waiting for Mnesia tables for 30000 ms, 9 retries left
2025-03-28 12:25:08.493462+00:00 [info] <0.216.0> Successfully synced tables from a peer
2025-03-28 12:25:08.493644+00:00 [info] <0.216.0> Running boot step tracking_metadata_store defined by app rabbit
2025-03-28 12:25:08.493740+00:00 [info] <0.490.0> Setting up a table for connection tracking on this node: tracked_connection
2025-03-28 12:25:08.493804+00:00 [info] <0.490.0> Setting up a table for per-vhost connection counting on this node: tracked_connection_per_vhost
2025-03-28 12:25:08.493882+00:00 [info] <0.490.0> Setting up a table for per-user connection counting on this node: tracked_connection_per_user
2025-03-28 12:25:08.493967+00:00 [info] <0.490.0> Setting up a table for channel tracking on this node: tracked_channel
2025-03-28 12:25:08.494090+00:00 [info] <0.490.0> Setting up a table for channel tracking on this node: tracked_channel_per_user
2025-03-28 12:25:08.494220+00:00 [info] <0.216.0> Running boot step networking_metadata_store defined by app rabbit
2025-03-28 12:25:08.494301+00:00 [info] <0.216.0> Running boot step feature_flags defined by app rabbit
2025-03-28 12:25:08.495989+00:00 [info] <0.216.0> Running boot step codec_correctness_check defined by app rabbit
2025-03-28 12:25:08.496020+00:00 [info] <0.216.0> Running boot step external_infrastructure defined by app rabbit
2025-03-28 12:25:08.496076+00:00 [info] <0.216.0> Running boot step rabbit_event defined by app rabbit
2025-03-28 12:25:08.496217+00:00 [info] <0.216.0> Running boot step rabbit_auth_mechanism_amqplain defined by app rabbit
2025-03-28 12:25:08.496273+00:00 [info] <0.216.0> Running boot step rabbit_auth_mechanism_anonymous defined by app rabbit
2025-03-28 12:25:08.496303+00:00 [info] <0.216.0> Running boot step rabbit_auth_mechanism_cr_demo defined by app rabbit
2025-03-28 12:25:08.496343+00:00 [info] <0.216.0> Running boot step rabbit_auth_mechanism_plain defined by app rabbit
2025-03-28 12:25:08.496368+00:00 [info] <0.216.0> Running boot step rabbit_exchange_type_direct defined by app rabbit
2025-03-28 12:25:08.496425+00:00 [info] <0.216.0> Running boot step rabbit_exchange_type_fanout defined by app rabbit
2025-03-28 12:25:08.496463+00:00 [info] <0.216.0> Running boot step rabbit_exchange_type_headers defined by app rabbit
2025-03-28 12:25:08.496495+00:00 [info] <0.216.0> Running boot step rabbit_exchange_type_local_random defined by app rabbit
2025-03-28 12:25:08.496542+00:00 [info] <0.216.0> Running boot step rabbit_exchange_type_topic defined by app rabbit
2025-03-28 12:25:08.496595+00:00 [info] <0.216.0> Running boot step rabbit_priority_queue defined by app rabbit
2025-03-28 12:25:08.496616+00:00 [info] <0.216.0> Priority queues enabled, real BQ is rabbit_variable_queue
2025-03-28 12:25:08.496738+00:00 [info] <0.216.0> Running boot step kernel_ready defined by app rabbit
2025-03-28 12:25:08.496791+00:00 [info] <0.216.0> Running boot step pg_local_amqp_connection defined by app rabbit
2025-03-28 12:25:08.504553+00:00 [info] <0.216.0> Running boot step pg_local_amqp_session defined by app rabbit
2025-03-28 12:25:08.504690+00:00 [info] <0.216.0> Running boot step rabbit_sysmon_minder defined by app rabbit
2025-03-28 12:25:08.504775+00:00 [info] <0.216.0> Running boot step rabbit_epmd_monitor defined by app rabbit
2025-03-28 12:25:08.505472+00:00 [info] <0.499.0> epmd monitor knows us, inter-node communication (distribution) port: 25672
2025-03-28 12:25:08.505573+00:00 [info] <0.216.0> Running boot step guid_generator defined by app rabbit
2025-03-28 12:25:08.510654+00:00 [info] <0.216.0> Running boot step rabbit_node_monitor defined by app rabbit
2025-03-28 12:25:08.510860+00:00 [info] <0.503.0> Starting rabbit_node_monitor (in ignore mode)
2025-03-28 12:25:08.510954+00:00 [info] <0.216.0> Running boot step delegate_sup defined by app rabbit
2025-03-28 12:25:08.511324+00:00 [info] <0.216.0> Running boot step rabbit_fifo_dlx_sup defined by app rabbit
2025-03-28 12:25:08.511434+00:00 [info] <0.216.0> Running boot step core_initialized defined by app rabbit
2025-03-28 12:25:08.511457+00:00 [info] <0.216.0> Running boot step rabbit_channel_tracking_handler defined by app rabbit
2025-03-28 12:25:08.511524+00:00 [info] <0.216.0> Running boot step rabbit_classic_queue defined by app rabbit
2025-03-28 12:25:08.511620+00:00 [info] <0.216.0> Running boot step rabbit_connection_tracking_handler defined by app rabbit
2025-03-28 12:25:08.511654+00:00 [info] <0.216.0> Running boot step rabbit_definitions_hashing defined by app rabbit
2025-03-28 12:25:08.511700+00:00 [info] <0.216.0> Running boot step rabbit_exchange_parameters defined by app rabbit
2025-03-28 12:25:08.688760+00:00 [info] <0.216.0> Running boot step rabbit_policies defined by app rabbit
2025-03-28 12:25:08.689120+00:00 [info] <0.216.0> Running boot step rabbit_policy defined by app rabbit
2025-03-28 12:25:08.689176+00:00 [info] <0.216.0> Running boot step rabbit_quorum_memory_manager defined by app rabbit
2025-03-28 12:25:08.689234+00:00 [info] <0.216.0> Running boot step rabbit_quorum_queue defined by app rabbit
2025-03-28 12:25:08.689353+00:00 [info] <0.216.0> Running boot step rabbit_stream_coordinator defined by app rabbit
2025-03-28 12:25:08.689650+00:00 [info] <0.216.0> Running boot step rabbit_vhost_limit defined by app rabbit
2025-03-28 12:25:08.689723+00:00 [info] <0.216.0> Running boot step rabbit_mgmt_reset_handler defined by app rabbitmq_management
2025-03-28 12:25:08.689761+00:00 [info] <0.216.0> Running boot step rabbit_mgmt_db_handler defined by app rabbitmq_management_agent
2025-03-28 12:25:08.689783+00:00 [info] <0.216.0> Management plugin: using rates mode 'basic'
2025-03-28 12:25:08.690020+00:00 [info] <0.216.0> Running boot step recovery defined by app rabbit
2025-03-28 12:25:08.702162+00:00 [info] <0.216.0> Running boot step empty_db_check defined by app rabbit
2025-03-28 12:25:08.702221+00:00 [info] <0.216.0> Will seed default virtual host and user...
2025-03-28 12:25:08.702347+00:00 [info] <0.216.0> Adding vhost '/' (description: 'Default virtual host', tags: [])
2025-03-28 12:25:08.710357+00:00 [info] <0.546.0> Making sure data directory '/var/lib/rabbitmq/mnesia/rabbit@1161c5ae6e6d/msg_stores/vhosts/628WB79CIFDYO9LJI6DKMI09L' for vhost '/' exists
2025-03-28 12:25:08.720700+00:00 [info] <0.546.0> Setting segment_entry_count for vhost '/' with 0 queues to '2048'
2025-03-28 12:25:08.748220+00:00 [info] <0.546.0> Starting message stores for vhost '/'
2025-03-28 12:25:08.754764+00:00 [info] <0.546.0> Started message store of type transient for vhost '/'
2025-03-28 12:25:08.756790+00:00 [warning] <0.560.0> Message store "628WB79CIFDYO9LJI6DKMI09L/msg_store_persistent": rebuilding indices from scratch
2025-03-28 12:25:08.761282+00:00 [info] <0.546.0> Started message store of type persistent for vhost '/'
2025-03-28 12:25:08.761394+00:00 [info] <0.546.0> Recovering 0 queues of type rabbit_classic_queue took 36ms
2025-03-28 12:25:08.761426+00:00 [info] <0.546.0> Recovering 0 queues of type rabbit_quorum_queue took 0ms
2025-03-28 12:25:08.761454+00:00 [info] <0.546.0> Recovering 0 queues of type rabbit_stream_queue took 0ms
2025-03-28 12:25:08.763566+00:00 [info] <0.216.0> Created user 'admin'
2025-03-28 12:25:08.764452+00:00 [info] <0.216.0> Successfully set user tags for user 'admin' to [administrator]
2025-03-28 12:25:08.765377+00:00 [info] <0.216.0> Successfully set permissions for user 'admin' in virtual host '/' to '.*', '.*', '.*'
2025-03-28 12:25:08.765428+00:00 [info] <0.216.0> Running boot step rabbit_observer_cli defined by app rabbit
2025-03-28 12:25:08.765518+00:00 [info] <0.216.0> Running boot step rabbit_core_metrics_gc defined by app rabbit
2025-03-28 12:25:08.765620+00:00 [info] <0.216.0> Running boot step background_gc defined by app rabbit
2025-03-28 12:25:08.765734+00:00 [info] <0.216.0> Running boot step routing_ready defined by app rabbit
2025-03-28 12:25:08.765766+00:00 [info] <0.216.0> Running boot step pre_flight defined by app rabbit
2025-03-28 12:25:08.765794+00:00 [info] <0.216.0> Running boot step notify_cluster defined by app rabbit
2025-03-28 12:25:08.765820+00:00 [info] <0.216.0> Running boot step networking defined by app rabbit
2025-03-28 12:25:08.765930+00:00 [info] <0.216.0> Running boot step rabbit_quorum_queue_periodic_membership_reconciliation defined by app rabbit
2025-03-28 12:25:08.765995+00:00 [info] <0.216.0> Running boot step definition_import_worker_pool defined by app rabbit
2025-03-28 12:25:08.766027+00:00 [info] <0.271.0> Starting worker pool 'definition_import_pool' with 12 processes in it
2025-03-28 12:25:08.766335+00:00 [info] <0.216.0> Running boot step cluster_name defined by app rabbit
2025-03-28 12:25:08.766454+00:00 [info] <0.216.0> Initialising internal cluster ID to 'rabbitmq-cluster-id-zqwXp52VeIxrTlvrAhQN1w'
2025-03-28 12:25:08.767529+00:00 [info] <0.216.0> Running boot step virtual_host_reconciliation defined by app rabbit
2025-03-28 12:25:08.767701+00:00 [info] <0.216.0> Running boot step direct_client defined by app rabbit
2025-03-28 12:25:08.767817+00:00 [info] <0.216.0> Running boot step cluster_tags defined by app rabbit
2025-03-28 12:25:08.768864+00:00 [info] <0.216.0> Running boot step rabbit_management_load_definitions defined by app rabbitmq_management
2025-03-28 12:25:08.768955+00:00 [info] <0.605.0> Resetting node maintenance status
2025-03-28 12:25:08.910604+00:00 [warning] <0.627.0> Deprecated features: `management_metrics_collection`: Feature `management_metrics_collection` is deprecated.
2025-03-28 12:25:08.910604+00:00 [warning] <0.627.0> By default, this feature can still be used for now.
2025-03-28 12:25:08.910604+00:00 [warning] <0.627.0> Its use will not be permitted by default in a future minor RabbitMQ version and the feature will be removed from a future major RabbitMQ version; actual versions to be determined.
2025-03-28 12:25:08.910604+00:00 [warning] <0.627.0> To continue using this feature when it is not permitted by default, set the following parameter in your configuration:
2025-03-28 12:25:08.910604+00:00 [warning] <0.627.0>     "deprecated_features.permit.management_metrics_collection = true"
2025-03-28 12:25:08.910604+00:00 [warning] <0.627.0> To test RabbitMQ as if the feature was removed, set this in your configuration:
2025-03-28 12:25:08.910604+00:00 [warning] <0.627.0>     "deprecated_features.permit.management_metrics_collection = false"
2025-03-28 12:25:08.950935+00:00 [info] <0.663.0> Management plugin: HTTP (non-TLS) listener started on port 15672
2025-03-28 12:25:08.951121+00:00 [info] <0.691.0> Statistics database started.
2025-03-28 12:25:08.951195+00:00 [info] <0.690.0> Starting worker pool 'management_worker_pool' with 3 processes in it
2025-03-28 12:25:08.951780+00:00 [info] <0.699.0> rabbit_stomp: default user 'guest' enabled
2025-03-28 12:25:08.952489+00:00 [info] <0.718.0> started STOMP TCP listener on [::]:61613
2025-03-28 12:25:08.953329+00:00 [info] <0.724.0> Starting MQTT retained message store rabbit_mqtt_retained_msg_store_dets for vhost '/'
2025-03-28 12:25:08.953979+00:00 [info] <0.724.0> Recovered MQTT retained message store rabbit_mqtt_retained_msg_store_dets for vhost '/'
2025-03-28 12:25:08.954452+00:00 [info] <0.744.0> started MQTT TCP listener on [::]:1883
2025-03-28 12:25:08.954832+00:00 [info] <0.605.0> Ready to start client connection listeners
2025-03-28 12:25:08.956145+00:00 [info] <0.762.0> started TCP listener on [::]:5672
2025-03-28 12:25:09.020798+00:00 [info] <0.605.0> Server startup complete; 5 plugins started.
2025-03-28 12:25:09.020798+00:00 [info] <0.605.0>  * rabbitmq_mqtt
2025-03-28 12:25:09.020798+00:00 [info] <0.605.0>  * rabbitmq_stomp
2025-03-28 12:25:09.020798+00:00 [info] <0.605.0>  * rabbitmq_management
2025-03-28 12:25:09.020798+00:00 [info] <0.605.0>  * rabbitmq_management_agent
2025-03-28 12:25:09.020798+00:00 [info] <0.605.0>  * rabbitmq_web_dispatch
2025-03-28 12:25:09.170253+00:00 [info] <0.10.0> Time to start RabbitMQ: 3920 ms
2025-03-28 12:25:52.094254+00:00 [notice] <0.216.0> Logging: configured log handlers are now ACTIVE
2025-03-28 12:25:52.102950+00:00 [info] <0.216.0> ra: starting system quorum_queues
2025-03-28 12:25:52.103050+00:00 [info] <0.216.0> starting Ra system: quorum_queues in directory: /var/lib/rabbitmq/mnesia/rabbit@1161c5ae6e6d/quorum/rabbit@1161c5ae6e6d
2025-03-28 12:25:52.165592+00:00 [info] <0.230.0> ra system 'quorum_queues' running pre init for 0 registered servers
2025-03-28 12:25:52.176028+00:00 [info] <0.231.0> ra: meta data store initialised for system quorum_queues. 0 record(s) recovered
2025-03-28 12:25:52.187031+00:00 [notice] <0.236.0> WAL: ra_log_wal init, open tbls: ra_log_open_mem_tables, closed tbls: ra_log_closed_mem_tables
2025-03-28 12:25:52.207016+00:00 [info] <0.238.0> ra_system_recover: ra system 'quorum_queues' server recovery strategy rabbit_quorum_queue:system_recover
2025-03-28 12:25:52.207101+00:00 [info] <0.238.0> [rabbit_quorum_queue:system_recover/1] rabbit not booted, skipping queue recovery
2025-03-28 12:25:52.207230+00:00 [info] <0.216.0> ra: starting system coordination
2025-03-28 12:25:52.207250+00:00 [info] <0.216.0> starting Ra system: coordination in directory: /var/lib/rabbitmq/mnesia/rabbit@1161c5ae6e6d/coordination/rabbit@1161c5ae6e6d
2025-03-28 12:25:52.217757+00:00 [info] <0.244.0> ra system 'coordination' running pre init for 1 registered servers
2025-03-28 12:25:52.240002+00:00 [info] <0.245.0> ra: meta data store initialised for system coordination. 1 record(s) recovered
2025-03-28 12:25:52.240180+00:00 [notice] <0.250.0> WAL: ra_coordination_log_wal init, open tbls: ra_coordination_log_open_mem_tables, closed tbls: ra_coordination_log_closed_mem_tables
2025-03-28 12:25:52.251196+00:00 [info] <0.216.0> ra: starting system coordination
2025-03-28 12:25:52.251248+00:00 [info] <0.216.0> starting Ra system: coordination in directory: /var/lib/rabbitmq/mnesia/rabbit@1161c5ae6e6d/coordination/rabbit@1161c5ae6e6d
2025-03-28 12:25:52.722066+00:00 [notice] <0.255.0> RabbitMQ metadata store: candidate -> leader in term: 2 machine version: 1
2025-03-28 12:25:53.011777+00:00 [info] <0.216.0> 
2025-03-28 12:25:53.011777+00:00 [info] <0.216.0>  Starting RabbitMQ 4.0.7 on Erlang 27.3 [jit]
2025-03-28 12:25:53.011777+00:00 [info] <0.216.0>  Copyright (c) 2007-2024 Broadcom Inc and/or its subsidiaries
2025-03-28 12:25:53.011777+00:00 [info] <0.216.0>  Licensed under the MPL 2.0. Website: https://rabbitmq.com
2025-03-28 12:25:53.018576+00:00 [info] <0.216.0> 
2025-03-28 12:25:53.018576+00:00 [info] <0.216.0>  node           : rabbit@1161c5ae6e6d
2025-03-28 12:25:53.018576+00:00 [info] <0.216.0>  home dir       : /var/lib/rabbitmq
2025-03-28 12:25:53.018576+00:00 [info] <0.216.0>  config file(s) : /etc/rabbitmq/rabbitmq.conf
2025-03-28 12:25:53.018576+00:00 [info] <0.216.0>  cookie hash    : pxp1VrTqYaANd+ndUvOkwQ==
2025-03-28 12:25:53.018576+00:00 [info] <0.216.0>  log(s)         : /var/log/rabbitmq/rabbit@1161c5ae6e6d.log
2025-03-28 12:25:53.018576+00:00 [info] <0.216.0>                 : <stdout>
2025-03-28 12:25:53.018576+00:00 [info] <0.216.0>  data dir       : /var/lib/rabbitmq/mnesia/rabbit@1161c5ae6e6d
2025-03-28 12:25:53.385573+00:00 [info] <0.216.0> Running boot step pre_boot defined by app rabbit
2025-03-28 12:25:53.385650+00:00 [info] <0.216.0> Running boot step rabbit_global_counters defined by app rabbit
2025-03-28 12:25:53.386185+00:00 [info] <0.216.0> Running boot step rabbit_osiris_metrics defined by app rabbit
2025-03-28 12:25:53.386282+00:00 [info] <0.216.0> Running boot step rabbit_core_metrics defined by app rabbit
2025-03-28 12:25:53.387519+00:00 [info] <0.216.0> Running boot step rabbit_alarm defined by app rabbit
2025-03-28 12:25:53.396525+00:00 [info] <0.371.0> Memory high watermark set to 4567 MiB (4789837824 bytes) of 7613 MiB (7983063040 bytes) total
2025-03-28 12:25:53.400139+00:00 [info] <0.373.0> Enabling free disk space monitoring (disk free space: 17683275776, total memory: 7983063040)
2025-03-28 12:25:53.400196+00:00 [info] <0.373.0> Disk free limit set to 50MB
2025-03-28 12:25:53.402903+00:00 [info] <0.216.0> Running boot step code_server_cache defined by app rabbit
2025-03-28 12:25:53.402994+00:00 [info] <0.216.0> Running boot step file_handle_cache defined by app rabbit
2025-03-28 12:25:53.408976+00:00 [info] <0.376.0> Limiting to approx 1048479 file handles (943629 sockets)
2025-03-28 12:25:53.409153+00:00 [info] <0.377.0> FHC read buffering: OFF
2025-03-28 12:25:53.409186+00:00 [info] <0.377.0> FHC write buffering: ON
2025-03-28 12:25:53.409631+00:00 [info] <0.216.0> Running boot step worker_pool defined by app rabbit
2025-03-28 12:25:53.409848+00:00 [info] <0.303.0> Will use 12 processes for default worker pool
2025-03-28 12:25:53.409891+00:00 [info] <0.303.0> Starting worker pool 'worker_pool' with 12 processes in it
2025-03-28 12:25:53.410295+00:00 [info] <0.216.0> Running boot step rabbit_registry defined by app rabbit
2025-03-28 12:25:53.410419+00:00 [info] <0.216.0> Running boot step database defined by app rabbit
2025-03-28 12:25:53.412041+00:00 [info] <0.216.0> Peer discovery: configured backend: rabbit_peer_discovery_classic_config
2025-03-28 12:25:53.420578+00:00 [info] <0.216.0> Waiting for Mnesia tables for 30000 ms, 9 retries left
2025-03-28 12:25:53.431001+00:00 [info] <0.216.0> Successfully synced tables from a peer
2025-03-28 12:25:53.447834+00:00 [info] <0.216.0> Waiting for Mnesia tables for 30000 ms, 9 retries left
2025-03-28 12:25:53.448000+00:00 [info] <0.216.0> Successfully synced tables from a peer
2025-03-28 12:25:53.448181+00:00 [info] <0.216.0> Running boot step tracking_metadata_store defined by app rabbit
2025-03-28 12:25:53.448317+00:00 [info] <0.400.0> Setting up a table for connection tracking on this node: tracked_connection
2025-03-28 12:25:53.448367+00:00 [info] <0.400.0> Setting up a table for per-vhost connection counting on this node: tracked_connection_per_vhost
2025-03-28 12:25:53.448439+00:00 [info] <0.400.0> Setting up a table for per-user connection counting on this node: tracked_connection_per_user
2025-03-28 12:25:53.448491+00:00 [info] <0.400.0> Setting up a table for channel tracking on this node: tracked_channel
2025-03-28 12:25:53.448571+00:00 [info] <0.400.0> Setting up a table for channel tracking on this node: tracked_channel_per_user
2025-03-28 12:25:53.448644+00:00 [info] <0.216.0> Running boot step networking_metadata_store defined by app rabbit
2025-03-28 12:25:53.448713+00:00 [info] <0.216.0> Running boot step feature_flags defined by app rabbit
2025-03-28 12:25:53.450433+00:00 [info] <0.216.0> Running boot step codec_correctness_check defined by app rabbit
2025-03-28 12:25:53.450469+00:00 [info] <0.216.0> Running boot step external_infrastructure defined by app rabbit
2025-03-28 12:25:53.450498+00:00 [info] <0.216.0> Running boot step rabbit_event defined by app rabbit
2025-03-28 12:25:53.450609+00:00 [info] <0.216.0> Running boot step rabbit_auth_mechanism_amqplain defined by app rabbit
2025-03-28 12:25:53.450677+00:00 [info] <0.216.0> Running boot step rabbit_auth_mechanism_anonymous defined by app rabbit
2025-03-28 12:25:53.450718+00:00 [info] <0.216.0> Running boot step rabbit_auth_mechanism_cr_demo defined by app rabbit
2025-03-28 12:25:53.450753+00:00 [info] <0.216.0> Running boot step rabbit_auth_mechanism_plain defined by app rabbit
2025-03-28 12:25:53.450813+00:00 [info] <0.216.0> Running boot step rabbit_exchange_type_direct defined by app rabbit
2025-03-28 12:25:53.450858+00:00 [info] <0.216.0> Running boot step rabbit_exchange_type_fanout defined by app rabbit
2025-03-28 12:25:53.450889+00:00 [info] <0.216.0> Running boot step rabbit_exchange_type_headers defined by app rabbit
2025-03-28 12:25:53.450943+00:00 [info] <0.216.0> Running boot step rabbit_exchange_type_local_random defined by app rabbit
2025-03-28 12:25:53.451033+00:00 [info] <0.216.0> Running boot step rabbit_exchange_type_topic defined by app rabbit
2025-03-28 12:25:53.451128+00:00 [info] <0.216.0> Running boot step rabbit_priority_queue defined by app rabbit
2025-03-28 12:25:53.451181+00:00 [info] <0.216.0> Priority queues enabled, real BQ is rabbit_variable_queue
2025-03-28 12:25:53.451251+00:00 [info] <0.216.0> Running boot step kernel_ready defined by app rabbit
2025-03-28 12:25:53.451303+00:00 [info] <0.216.0> Running boot step pg_local_amqp_connection defined by app rabbit
2025-03-28 12:25:53.457642+00:00 [info] <0.216.0> Running boot step pg_local_amqp_session defined by app rabbit
2025-03-28 12:25:53.457748+00:00 [info] <0.216.0> Running boot step rabbit_sysmon_minder defined by app rabbit
2025-03-28 12:25:53.457919+00:00 [info] <0.216.0> Running boot step rabbit_epmd_monitor defined by app rabbit
2025-03-28 12:25:53.458760+00:00 [info] <0.409.0> epmd monitor knows us, inter-node communication (distribution) port: 25672
2025-03-28 12:25:53.458880+00:00 [info] <0.216.0> Running boot step guid_generator defined by app rabbit
2025-03-28 12:25:53.466168+00:00 [info] <0.216.0> Running boot step rabbit_node_monitor defined by app rabbit
2025-03-28 12:25:53.466500+00:00 [info] <0.413.0> Starting rabbit_node_monitor (in ignore mode)
2025-03-28 12:25:53.466674+00:00 [info] <0.216.0> Running boot step delegate_sup defined by app rabbit
2025-03-28 12:25:53.467435+00:00 [info] <0.216.0> Running boot step rabbit_fifo_dlx_sup defined by app rabbit
2025-03-28 12:25:53.467519+00:00 [info] <0.216.0> Running boot step core_initialized defined by app rabbit
2025-03-28 12:25:53.467558+00:00 [info] <0.216.0> Running boot step rabbit_channel_tracking_handler defined by app rabbit
2025-03-28 12:25:53.467674+00:00 [info] <0.216.0> Running boot step rabbit_classic_queue defined by app rabbit
2025-03-28 12:25:53.467822+00:00 [info] <0.216.0> Running boot step rabbit_connection_tracking_handler defined by app rabbit
2025-03-28 12:25:53.467900+00:00 [info] <0.216.0> Running boot step rabbit_definitions_hashing defined by app rabbit
2025-03-28 12:25:53.467961+00:00 [info] <0.216.0> Running boot step rabbit_exchange_parameters defined by app rabbit
2025-03-28 12:25:53.477983+00:00 [info] <0.216.0> Running boot step rabbit_policies defined by app rabbit
2025-03-28 12:25:53.478397+00:00 [info] <0.216.0> Running boot step rabbit_policy defined by app rabbit
2025-03-28 12:25:53.478492+00:00 [info] <0.216.0> Running boot step rabbit_quorum_memory_manager defined by app rabbit
2025-03-28 12:25:53.478581+00:00 [info] <0.216.0> Running boot step rabbit_quorum_queue defined by app rabbit
2025-03-28 12:25:53.478733+00:00 [info] <0.216.0> Running boot step rabbit_stream_coordinator defined by app rabbit
2025-03-28 12:25:53.479002+00:00 [info] <0.216.0> Running boot step rabbit_vhost_limit defined by app rabbit
2025-03-28 12:25:53.479064+00:00 [info] <0.216.0> Running boot step rabbit_mgmt_reset_handler defined by app rabbitmq_management
2025-03-28 12:25:53.479120+00:00 [info] <0.216.0> Running boot step rabbit_mgmt_db_handler defined by app rabbitmq_management_agent
2025-03-28 12:25:53.479148+00:00 [info] <0.216.0> Management plugin: using rates mode 'basic'
2025-03-28 12:25:53.479548+00:00 [info] <0.216.0> Running boot step recovery defined by app rabbit
2025-03-28 12:25:53.497646+00:00 [info] <0.445.0> Making sure data directory '/var/lib/rabbitmq/mnesia/rabbit@1161c5ae6e6d/msg_stores/vhosts/628WB79CIFDYO9LJI6DKMI09L' for vhost '/' exists
2025-03-28 12:25:53.531366+00:00 [info] <0.445.0> Starting message stores for vhost '/'
2025-03-28 12:25:53.545220+00:00 [info] <0.445.0> Started message store of type transient for vhost '/'
2025-03-28 12:25:53.547212+00:00 [warning] <0.459.0> Message store "628WB79CIFDYO9LJI6DKMI09L/msg_store_persistent": rebuilding indices from scratch
2025-03-28 12:25:53.552809+00:00 [info] <0.445.0> Started message store of type persistent for vhost '/'
2025-03-28 12:25:53.552949+00:00 [info] <0.445.0> Recovering 0 queues of type rabbit_classic_queue took 44ms
2025-03-28 12:25:53.553018+00:00 [info] <0.445.0> Recovering 0 queues of type rabbit_quorum_queue took 0ms
2025-03-28 12:25:53.553083+00:00 [info] <0.445.0> Recovering 0 queues of type rabbit_stream_queue took 0ms
2025-03-28 12:25:53.554600+00:00 [info] <0.216.0> Running boot step empty_db_check defined by app rabbit
2025-03-28 12:25:53.554650+00:00 [info] <0.216.0> Will not seed default virtual host and user: have definitions to load...
2025-03-28 12:25:53.554707+00:00 [info] <0.216.0> Running boot step rabbit_observer_cli defined by app rabbit
2025-03-28 12:25:53.554807+00:00 [info] <0.216.0> Running boot step rabbit_core_metrics_gc defined by app rabbit
2025-03-28 12:25:53.554958+00:00 [info] <0.216.0> Running boot step background_gc defined by app rabbit
2025-03-28 12:25:53.555070+00:00 [info] <0.216.0> Running boot step routing_ready defined by app rabbit
2025-03-28 12:25:53.555109+00:00 [info] <0.216.0> Running boot step pre_flight defined by app rabbit
2025-03-28 12:25:53.555145+00:00 [info] <0.216.0> Running boot step notify_cluster defined by app rabbit
2025-03-28 12:25:53.555187+00:00 [info] <0.216.0> Running boot step networking defined by app rabbit
2025-03-28 12:25:53.555210+00:00 [info] <0.216.0> Running boot step rabbit_quorum_queue_periodic_membership_reconciliation defined by app rabbit
2025-03-28 12:25:53.555295+00:00 [info] <0.216.0> Running boot step definition_import_worker_pool defined by app rabbit
2025-03-28 12:25:53.555327+00:00 [info] <0.303.0> Starting worker pool 'definition_import_pool' with 12 processes in it
2025-03-28 12:25:53.555746+00:00 [info] <0.216.0> Running boot step cluster_name defined by app rabbit
2025-03-28 12:25:53.555791+00:00 [info] <0.216.0> Running boot step virtual_host_reconciliation defined by app rabbit
2025-03-28 12:25:53.555942+00:00 [info] <0.216.0> Running boot step direct_client defined by app rabbit
2025-03-28 12:25:53.555993+00:00 [info] <0.216.0> Running boot step cluster_tags defined by app rabbit
2025-03-28 12:25:53.557560+00:00 [info] <0.216.0> Running boot step rabbit_management_load_definitions defined by app rabbitmq_management
2025-03-28 12:25:53.557701+00:00 [info] <0.506.0> Resetting node maintenance status
2025-03-28 12:25:53.692107+00:00 [warning] <0.528.0> Deprecated features: `management_metrics_collection`: Feature `management_metrics_collection` is deprecated.
2025-03-28 12:25:53.692107+00:00 [warning] <0.528.0> By default, this feature can still be used for now.
2025-03-28 12:25:53.692107+00:00 [warning] <0.528.0> Its use will not be permitted by default in a future minor RabbitMQ version and the feature will be removed from a future major RabbitMQ version; actual versions to be determined.
2025-03-28 12:25:53.692107+00:00 [warning] <0.528.0> To continue using this feature when it is not permitted by default, set the following parameter in your configuration:
2025-03-28 12:25:53.692107+00:00 [warning] <0.528.0>     "deprecated_features.permit.management_metrics_collection = true"
2025-03-28 12:25:53.692107+00:00 [warning] <0.528.0> To test RabbitMQ as if the feature was removed, set this in your configuration:
2025-03-28 12:25:53.692107+00:00 [warning] <0.528.0>     "deprecated_features.permit.management_metrics_collection = false"
2025-03-28 12:25:53.726438+00:00 [info] <0.564.0> Management plugin: HTTP (non-TLS) listener started on port 15672
2025-03-28 12:25:53.726606+00:00 [info] <0.592.0> Statistics database started.
2025-03-28 12:25:53.726678+00:00 [info] <0.591.0> Starting worker pool 'management_worker_pool' with 3 processes in it
2025-03-28 12:25:53.727123+00:00 [info] <0.600.0> rabbit_stomp: default user 'guest' enabled
2025-03-28 12:25:53.727756+00:00 [info] <0.619.0> started STOMP TCP listener on [::]:61613
2025-03-28 12:25:53.728594+00:00 [info] <0.625.0> Starting MQTT retained message store rabbit_mqtt_retained_msg_store_dets for vhost '/'
2025-03-28 12:25:53.731482+00:00 [info] <0.625.0> Recovered MQTT retained message store rabbit_mqtt_retained_msg_store_dets for vhost '/'
2025-03-28 12:25:53.731953+00:00 [info] <0.645.0> started MQTT TCP listener on [::]:1883
2025-03-28 12:25:53.732300+00:00 [info] <0.506.0> Ready to start client connection listeners
2025-03-28 12:25:53.733675+00:00 [info] <0.663.0> started TCP listener on [::]:5672
2025-03-28 12:25:53.808383+00:00 [info] <0.506.0> Server startup complete; 5 plugins started.
2025-03-28 12:25:53.808383+00:00 [info] <0.506.0>  * rabbitmq_mqtt
2025-03-28 12:25:53.808383+00:00 [info] <0.506.0>  * rabbitmq_stomp
2025-03-28 12:25:53.808383+00:00 [info] <0.506.0>  * rabbitmq_management
2025-03-28 12:25:53.808383+00:00 [info] <0.506.0>  * rabbitmq_management_agent
2025-03-28 12:25:53.808383+00:00 [info] <0.506.0>  * rabbitmq_web_dispatch
2025-03-28 12:25:53.959975+00:00 [info] <0.10.0> Time to start RabbitMQ: 3679 ms
2025-03-28 12:26:44.241042+00:00 [notice] <0.216.0> Logging: configured log handlers are now ACTIVE
2025-03-28 12:26:44.247261+00:00 [info] <0.216.0> ra: starting system quorum_queues
2025-03-28 12:26:44.247348+00:00 [info] <0.216.0> starting Ra system: quorum_queues in directory: /var/lib/rabbitmq/mnesia/rabbit@1161c5ae6e6d/quorum/rabbit@1161c5ae6e6d
2025-03-28 12:26:44.310140+00:00 [info] <0.230.0> ra system 'quorum_queues' running pre init for 0 registered servers
2025-03-28 12:26:44.322313+00:00 [info] <0.231.0> ra: meta data store initialised for system quorum_queues. 0 record(s) recovered
2025-03-28 12:26:44.333581+00:00 [notice] <0.236.0> WAL: ra_log_wal init, open tbls: ra_log_open_mem_tables, closed tbls: ra_log_closed_mem_tables
2025-03-28 12:26:44.364275+00:00 [info] <0.238.0> ra_system_recover: ra system 'quorum_queues' server recovery strategy rabbit_quorum_queue:system_recover
2025-03-28 12:26:44.364374+00:00 [info] <0.238.0> [rabbit_quorum_queue:system_recover/1] rabbit not booted, skipping queue recovery
2025-03-28 12:26:44.364466+00:00 [info] <0.216.0> ra: starting system coordination
2025-03-28 12:26:44.364500+00:00 [info] <0.216.0> starting Ra system: coordination in directory: /var/lib/rabbitmq/mnesia/rabbit@1161c5ae6e6d/coordination/rabbit@1161c5ae6e6d
2025-03-28 12:26:44.376101+00:00 [info] <0.244.0> ra system 'coordination' running pre init for 1 registered servers
2025-03-28 12:26:44.398331+00:00 [info] <0.245.0> ra: meta data store initialised for system coordination. 1 record(s) recovered
2025-03-28 12:26:44.398512+00:00 [notice] <0.250.0> WAL: ra_coordination_log_wal init, open tbls: ra_coordination_log_open_mem_tables, closed tbls: ra_coordination_log_closed_mem_tables
2025-03-28 12:26:44.409815+00:00 [info] <0.216.0> ra: starting system coordination
2025-03-28 12:26:44.409892+00:00 [info] <0.216.0> starting Ra system: coordination in directory: /var/lib/rabbitmq/mnesia/rabbit@1161c5ae6e6d/coordination/rabbit@1161c5ae6e6d
2025-03-28 12:26:45.035066+00:00 [notice] <0.255.0> RabbitMQ metadata store: candidate -> leader in term: 3 machine version: 1
2025-03-28 12:26:45.276089+00:00 [info] <0.216.0> 
2025-03-28 12:26:45.276089+00:00 [info] <0.216.0>  Starting RabbitMQ 4.0.7 on Erlang 27.3 [jit]
2025-03-28 12:26:45.276089+00:00 [info] <0.216.0>  Copyright (c) 2007-2024 Broadcom Inc and/or its subsidiaries
2025-03-28 12:26:45.276089+00:00 [info] <0.216.0>  Licensed under the MPL 2.0. Website: https://rabbitmq.com
2025-03-28 12:26:45.283072+00:00 [info] <0.216.0> 
2025-03-28 12:26:45.283072+00:00 [info] <0.216.0>  node           : rabbit@1161c5ae6e6d
2025-03-28 12:26:45.283072+00:00 [info] <0.216.0>  home dir       : /var/lib/rabbitmq
2025-03-28 12:26:45.283072+00:00 [info] <0.216.0>  config file(s) : /etc/rabbitmq/rabbitmq.conf
2025-03-28 12:26:45.283072+00:00 [info] <0.216.0>  cookie hash    : pxp1VrTqYaANd+ndUvOkwQ==
2025-03-28 12:26:45.283072+00:00 [info] <0.216.0>  log(s)         : /var/log/rabbitmq/rabbit@1161c5ae6e6d.log
2025-03-28 12:26:45.283072+00:00 [info] <0.216.0>                 : <stdout>
2025-03-28 12:26:45.283072+00:00 [info] <0.216.0>  data dir       : /var/lib/rabbitmq/mnesia/rabbit@1161c5ae6e6d
2025-03-28 12:26:45.559849+00:00 [info] <0.216.0> Running boot step pre_boot defined by app rabbit
2025-03-28 12:26:45.559916+00:00 [info] <0.216.0> Running boot step rabbit_global_counters defined by app rabbit
2025-03-28 12:26:45.560455+00:00 [info] <0.216.0> Running boot step rabbit_osiris_metrics defined by app rabbit
2025-03-28 12:26:45.560553+00:00 [info] <0.216.0> Running boot step rabbit_core_metrics defined by app rabbit
2025-03-28 12:26:45.561401+00:00 [info] <0.216.0> Running boot step rabbit_alarm defined by app rabbit
2025-03-28 12:26:45.569868+00:00 [info] <0.346.0> Memory high watermark set to 4567 MiB (4789837824 bytes) of 7613 MiB (7983063040 bytes) total
2025-03-28 12:26:45.573349+00:00 [info] <0.348.0> Enabling free disk space monitoring (disk free space: 17683120128, total memory: 7983063040)
2025-03-28 12:26:45.573399+00:00 [info] <0.348.0> Disk free limit set to 50MB
2025-03-28 12:26:45.575660+00:00 [info] <0.216.0> Running boot step code_server_cache defined by app rabbit
2025-03-28 12:26:45.575740+00:00 [info] <0.216.0> Running boot step file_handle_cache defined by app rabbit
2025-03-28 12:26:45.581096+00:00 [info] <0.351.0> Limiting to approx 1048479 file handles (943629 sockets)
2025-03-28 12:26:45.581256+00:00 [info] <0.352.0> FHC read buffering: OFF
2025-03-28 12:26:45.581294+00:00 [info] <0.352.0> FHC write buffering: ON
2025-03-28 12:26:45.581707+00:00 [info] <0.216.0> Running boot step worker_pool defined by app rabbit
2025-03-28 12:26:45.581812+00:00 [info] <0.294.0> Will use 12 processes for default worker pool
2025-03-28 12:26:45.581885+00:00 [info] <0.294.0> Starting worker pool 'worker_pool' with 12 processes in it
2025-03-28 12:26:45.582481+00:00 [info] <0.216.0> Running boot step rabbit_registry defined by app rabbit
2025-03-28 12:26:45.582551+00:00 [info] <0.216.0> Running boot step database defined by app rabbit
2025-03-28 12:26:45.584125+00:00 [info] <0.216.0> Peer discovery: configured backend: rabbit_peer_discovery_classic_config
2025-03-28 12:26:45.592166+00:00 [info] <0.216.0> Waiting for Mnesia tables for 30000 ms, 9 retries left
2025-03-28 12:26:45.593317+00:00 [info] <0.216.0> Successfully synced tables from a peer
2025-03-28 12:26:45.609634+00:00 [info] <0.216.0> Waiting for Mnesia tables for 30000 ms, 9 retries left
2025-03-28 12:26:45.609824+00:00 [info] <0.216.0> Successfully synced tables from a peer
2025-03-28 12:26:45.610139+00:00 [info] <0.216.0> Running boot step tracking_metadata_store defined by app rabbit
2025-03-28 12:26:45.610203+00:00 [info] <0.375.0> Setting up a table for connection tracking on this node: tracked_connection
2025-03-28 12:26:45.610248+00:00 [info] <0.375.0> Setting up a table for per-vhost connection counting on this node: tracked_connection_per_vhost
2025-03-28 12:26:45.610325+00:00 [info] <0.375.0> Setting up a table for per-user connection counting on this node: tracked_connection_per_user
2025-03-28 12:26:45.610357+00:00 [info] <0.375.0> Setting up a table for channel tracking on this node: tracked_channel
2025-03-28 12:26:45.610394+00:00 [info] <0.375.0> Setting up a table for channel tracking on this node: tracked_channel_per_user
2025-03-28 12:26:45.610432+00:00 [info] <0.216.0> Running boot step networking_metadata_store defined by app rabbit
2025-03-28 12:26:45.610504+00:00 [info] <0.216.0> Running boot step feature_flags defined by app rabbit
2025-03-28 12:26:45.612118+00:00 [info] <0.216.0> Running boot step codec_correctness_check defined by app rabbit
2025-03-28 12:26:45.612148+00:00 [info] <0.216.0> Running boot step external_infrastructure defined by app rabbit
2025-03-28 12:26:45.612214+00:00 [info] <0.216.0> Running boot step rabbit_event defined by app rabbit
2025-03-28 12:26:45.612339+00:00 [info] <0.216.0> Running boot step rabbit_auth_mechanism_amqplain defined by app rabbit
2025-03-28 12:26:45.612442+00:00 [info] <0.216.0> Running boot step rabbit_auth_mechanism_anonymous defined by app rabbit
2025-03-28 12:26:45.612499+00:00 [info] <0.216.0> Running boot step rabbit_auth_mechanism_cr_demo defined by app rabbit
2025-03-28 12:26:45.612556+00:00 [info] <0.216.0> Running boot step rabbit_auth_mechanism_plain defined by app rabbit
2025-03-28 12:26:45.612621+00:00 [info] <0.216.0> Running boot step rabbit_exchange_type_direct defined by app rabbit
2025-03-28 12:26:45.612701+00:00 [info] <0.216.0> Running boot step rabbit_exchange_type_fanout defined by app rabbit
2025-03-28 12:26:45.612832+00:00 [info] <0.216.0> Running boot step rabbit_exchange_type_headers defined by app rabbit
2025-03-28 12:26:45.612946+00:00 [info] <0.216.0> Running boot step rabbit_exchange_type_local_random defined by app rabbit
2025-03-28 12:26:45.613075+00:00 [info] <0.216.0> Running boot step rabbit_exchange_type_topic defined by app rabbit
2025-03-28 12:26:45.613160+00:00 [info] <0.216.0> Running boot step rabbit_priority_queue defined by app rabbit
2025-03-28 12:26:45.613221+00:00 [info] <0.216.0> Priority queues enabled, real BQ is rabbit_variable_queue
2025-03-28 12:26:45.613278+00:00 [info] <0.216.0> Running boot step kernel_ready defined by app rabbit
2025-03-28 12:26:45.613307+00:00 [info] <0.216.0> Running boot step pg_local_amqp_connection defined by app rabbit
2025-03-28 12:26:45.619458+00:00 [info] <0.216.0> Running boot step pg_local_amqp_session defined by app rabbit
2025-03-28 12:26:45.619576+00:00 [info] <0.216.0> Running boot step rabbit_sysmon_minder defined by app rabbit
2025-03-28 12:26:45.619705+00:00 [info] <0.216.0> Running boot step rabbit_epmd_monitor defined by app rabbit
2025-03-28 12:26:45.620409+00:00 [info] <0.384.0> epmd monitor knows us, inter-node communication (distribution) port: 25672
2025-03-28 12:26:45.620491+00:00 [info] <0.216.0> Running boot step guid_generator defined by app rabbit
2025-03-28 12:26:45.627709+00:00 [info] <0.216.0> Running boot step rabbit_node_monitor defined by app rabbit
2025-03-28 12:26:45.627916+00:00 [info] <0.388.0> Starting rabbit_node_monitor (in ignore mode)
2025-03-28 12:26:45.628023+00:00 [info] <0.216.0> Running boot step delegate_sup defined by app rabbit
2025-03-28 12:26:45.628416+00:00 [info] <0.216.0> Running boot step rabbit_fifo_dlx_sup defined by app rabbit
2025-03-28 12:26:45.628497+00:00 [info] <0.216.0> Running boot step core_initialized defined by app rabbit
2025-03-28 12:26:45.628537+00:00 [info] <0.216.0> Running boot step rabbit_channel_tracking_handler defined by app rabbit
2025-03-28 12:26:45.628615+00:00 [info] <0.216.0> Running boot step rabbit_classic_queue defined by app rabbit
2025-03-28 12:26:45.628736+00:00 [info] <0.216.0> Running boot step rabbit_connection_tracking_handler defined by app rabbit
2025-03-28 12:26:45.628814+00:00 [info] <0.216.0> Running boot step rabbit_definitions_hashing defined by app rabbit
2025-03-28 12:26:45.628861+00:00 [info] <0.216.0> Running boot step rabbit_exchange_parameters defined by app rabbit
2025-03-28 12:26:45.637680+00:00 [info] <0.216.0> Running boot step rabbit_policies defined by app rabbit
2025-03-28 12:26:45.638074+00:00 [info] <0.216.0> Running boot step rabbit_policy defined by app rabbit
2025-03-28 12:26:45.638150+00:00 [info] <0.216.0> Running boot step rabbit_quorum_memory_manager defined by app rabbit
2025-03-28 12:26:45.638209+00:00 [info] <0.216.0> Running boot step rabbit_quorum_queue defined by app rabbit
2025-03-28 12:26:45.638336+00:00 [info] <0.216.0> Running boot step rabbit_stream_coordinator defined by app rabbit
2025-03-28 12:26:45.638673+00:00 [info] <0.216.0> Running boot step rabbit_vhost_limit defined by app rabbit
2025-03-28 12:26:45.638757+00:00 [info] <0.216.0> Running boot step rabbit_mgmt_reset_handler defined by app rabbitmq_management
2025-03-28 12:26:45.638784+00:00 [info] <0.216.0> Running boot step rabbit_mgmt_db_handler defined by app rabbitmq_management_agent
2025-03-28 12:26:45.638810+00:00 [info] <0.216.0> Management plugin: using rates mode 'basic'
2025-03-28 12:26:45.638934+00:00 [info] <0.216.0> Running boot step recovery defined by app rabbit
2025-03-28 12:26:45.657542+00:00 [info] <0.420.0> Making sure data directory '/var/lib/rabbitmq/mnesia/rabbit@1161c5ae6e6d/msg_stores/vhosts/628WB79CIFDYO9LJI6DKMI09L' for vhost '/' exists
2025-03-28 12:26:45.696355+00:00 [info] <0.420.0> Starting message stores for vhost '/'
2025-03-28 12:26:45.712686+00:00 [info] <0.420.0> Started message store of type transient for vhost '/'
2025-03-28 12:26:45.715120+00:00 [warning] <0.434.0> Message store "628WB79CIFDYO9LJI6DKMI09L/msg_store_persistent": rebuilding indices from scratch
2025-03-28 12:26:45.721523+00:00 [info] <0.420.0> Started message store of type persistent for vhost '/'
2025-03-28 12:26:45.721681+00:00 [info] <0.420.0> Recovering 0 queues of type rabbit_classic_queue took 51ms
2025-03-28 12:26:45.721730+00:00 [info] <0.420.0> Recovering 0 queues of type rabbit_quorum_queue took 0ms
2025-03-28 12:26:45.721768+00:00 [info] <0.420.0> Recovering 0 queues of type rabbit_stream_queue took 0ms
2025-03-28 12:26:45.723840+00:00 [info] <0.216.0> Running boot step empty_db_check defined by app rabbit
2025-03-28 12:26:45.723912+00:00 [info] <0.216.0> Will not seed default virtual host and user: have definitions to load...
2025-03-28 12:26:45.724018+00:00 [info] <0.216.0> Running boot step rabbit_observer_cli defined by app rabbit
2025-03-28 12:26:45.724169+00:00 [info] <0.216.0> Running boot step rabbit_core_metrics_gc defined by app rabbit
2025-03-28 12:26:45.724353+00:00 [info] <0.216.0> Running boot step background_gc defined by app rabbit
2025-03-28 12:26:45.724507+00:00 [info] <0.216.0> Running boot step routing_ready defined by app rabbit
2025-03-28 12:26:45.724574+00:00 [info] <0.216.0> Running boot step pre_flight defined by app rabbit
2025-03-28 12:26:45.724634+00:00 [info] <0.216.0> Running boot step notify_cluster defined by app rabbit
2025-03-28 12:26:45.724740+00:00 [info] <0.216.0> Running boot step networking defined by app rabbit
2025-03-28 12:26:45.724801+00:00 [info] <0.216.0> Running boot step rabbit_quorum_queue_periodic_membership_reconciliation defined by app rabbit
2025-03-28 12:26:45.724922+00:00 [info] <0.216.0> Running boot step definition_import_worker_pool defined by app rabbit
2025-03-28 12:26:45.725007+00:00 [info] <0.294.0> Starting worker pool 'definition_import_pool' with 12 processes in it
2025-03-28 12:26:45.725479+00:00 [info] <0.216.0> Running boot step cluster_name defined by app rabbit
2025-03-28 12:26:45.725576+00:00 [info] <0.216.0> Running boot step virtual_host_reconciliation defined by app rabbit
2025-03-28 12:26:45.725755+00:00 [info] <0.216.0> Running boot step direct_client defined by app rabbit
2025-03-28 12:26:45.725853+00:00 [info] <0.216.0> Running boot step cluster_tags defined by app rabbit
2025-03-28 12:26:45.727456+00:00 [info] <0.216.0> Running boot step rabbit_management_load_definitions defined by app rabbitmq_management
2025-03-28 12:26:45.727577+00:00 [info] <0.481.0> Resetting node maintenance status
2025-03-28 12:26:45.878263+00:00 [warning] <0.503.0> Deprecated features: `management_metrics_collection`: Feature `management_metrics_collection` is deprecated.
2025-03-28 12:26:45.878263+00:00 [warning] <0.503.0> By default, this feature can still be used for now.
2025-03-28 12:26:45.878263+00:00 [warning] <0.503.0> Its use will not be permitted by default in a future minor RabbitMQ version and the feature will be removed from a future major RabbitMQ version; actual versions to be determined.
2025-03-28 12:26:45.878263+00:00 [warning] <0.503.0> To continue using this feature when it is not permitted by default, set the following parameter in your configuration:
2025-03-28 12:26:45.878263+00:00 [warning] <0.503.0>     "deprecated_features.permit.management_metrics_collection = true"
2025-03-28 12:26:45.878263+00:00 [warning] <0.503.0> To test RabbitMQ as if the feature was removed, set this in your configuration:
2025-03-28 12:26:45.878263+00:00 [warning] <0.503.0>     "deprecated_features.permit.management_metrics_collection = false"
2025-03-28 12:26:45.919347+00:00 [info] <0.539.0> Management plugin: HTTP (non-TLS) listener started on port 15672
2025-03-28 12:26:45.919569+00:00 [info] <0.567.0> Statistics database started.
2025-03-28 12:26:45.919670+00:00 [info] <0.566.0> Starting worker pool 'management_worker_pool' with 3 processes in it
2025-03-28 12:26:45.920355+00:00 [info] <0.575.0> rabbit_stomp: default user 'guest' enabled
2025-03-28 12:26:45.921193+00:00 [info] <0.594.0> started STOMP TCP listener on [::]:61613
2025-03-28 12:26:45.922094+00:00 [info] <0.600.0> Starting MQTT retained message store rabbit_mqtt_retained_msg_store_dets for vhost '/'
2025-03-28 12:26:45.925265+00:00 [info] <0.600.0> Recovered MQTT retained message store rabbit_mqtt_retained_msg_store_dets for vhost '/'
2025-03-28 12:26:45.925850+00:00 [info] <0.620.0> started MQTT TCP listener on [::]:1883
2025-03-28 12:26:45.926352+00:00 [info] <0.481.0> Ready to start client connection listeners
2025-03-28 12:26:45.928125+00:00 [info] <0.638.0> started TCP listener on [::]:5672
2025-03-28 12:26:46.010307+00:00 [info] <0.481.0> Server startup complete; 5 plugins started.
2025-03-28 12:26:46.010307+00:00 [info] <0.481.0>  * rabbitmq_mqtt
2025-03-28 12:26:46.010307+00:00 [info] <0.481.0>  * rabbitmq_stomp
2025-03-28 12:26:46.010307+00:00 [info] <0.481.0>  * rabbitmq_management
2025-03-28 12:26:46.010307+00:00 [info] <0.481.0>  * rabbitmq_management_agent
2025-03-28 12:26:46.010307+00:00 [info] <0.481.0>  * rabbitmq_web_dispatch
2025-03-28 12:26:46.128996+00:00 [info] <0.10.0> Time to start RabbitMQ: 3956 ms
2025-03-28 12:27:28.283490+00:00 [notice] <0.216.0> Logging: configured log handlers are now ACTIVE
2025-03-28 12:27:28.289819+00:00 [info] <0.216.0> ra: starting system quorum_queues
2025-03-28 12:27:28.289911+00:00 [info] <0.216.0> starting Ra system: quorum_queues in directory: /var/lib/rabbitmq/mnesia/rabbit@1161c5ae6e6d/quorum/rabbit@1161c5ae6e6d
2025-03-28 12:27:28.354079+00:00 [info] <0.230.0> ra system 'quorum_queues' running pre init for 0 registered servers
2025-03-28 12:27:28.365630+00:00 [info] <0.231.0> ra: meta data store initialised for system quorum_queues. 0 record(s) recovered
2025-03-28 12:27:28.376437+00:00 [notice] <0.236.0> WAL: ra_log_wal init, open tbls: ra_log_open_mem_tables, closed tbls: ra_log_closed_mem_tables
2025-03-28 12:27:28.405574+00:00 [info] <0.238.0> ra_system_recover: ra system 'quorum_queues' server recovery strategy rabbit_quorum_queue:system_recover
2025-03-28 12:27:28.405683+00:00 [info] <0.238.0> [rabbit_quorum_queue:system_recover/1] rabbit not booted, skipping queue recovery
2025-03-28 12:27:28.405807+00:00 [info] <0.216.0> ra: starting system coordination
2025-03-28 12:27:28.405850+00:00 [info] <0.216.0> starting Ra system: coordination in directory: /var/lib/rabbitmq/mnesia/rabbit@1161c5ae6e6d/coordination/rabbit@1161c5ae6e6d
2025-03-28 12:27:28.416318+00:00 [info] <0.244.0> ra system 'coordination' running pre init for 1 registered servers
2025-03-28 12:27:28.439740+00:00 [info] <0.245.0> ra: meta data store initialised for system coordination. 1 record(s) recovered
2025-03-28 12:27:28.439917+00:00 [notice] <0.250.0> WAL: ra_coordination_log_wal init, open tbls: ra_coordination_log_open_mem_tables, closed tbls: ra_coordination_log_closed_mem_tables
2025-03-28 12:27:28.451163+00:00 [info] <0.216.0> ra: starting system coordination
2025-03-28 12:27:28.451250+00:00 [info] <0.216.0> starting Ra system: coordination in directory: /var/lib/rabbitmq/mnesia/rabbit@1161c5ae6e6d/coordination/rabbit@1161c5ae6e6d
2025-03-28 12:27:28.730828+00:00 [notice] <0.255.0> RabbitMQ metadata store: candidate -> leader in term: 4 machine version: 1
2025-03-28 12:27:28.966513+00:00 [info] <0.216.0> 
2025-03-28 12:27:28.966513+00:00 [info] <0.216.0>  Starting RabbitMQ 4.0.7 on Erlang 27.3 [jit]
2025-03-28 12:27:28.966513+00:00 [info] <0.216.0>  Copyright (c) 2007-2024 Broadcom Inc and/or its subsidiaries
2025-03-28 12:27:28.966513+00:00 [info] <0.216.0>  Licensed under the MPL 2.0. Website: https://rabbitmq.com
2025-03-28 12:27:28.973638+00:00 [info] <0.216.0> 
2025-03-28 12:27:28.973638+00:00 [info] <0.216.0>  node           : rabbit@1161c5ae6e6d
2025-03-28 12:27:28.973638+00:00 [info] <0.216.0>  home dir       : /var/lib/rabbitmq
2025-03-28 12:27:28.973638+00:00 [info] <0.216.0>  config file(s) : /etc/rabbitmq/rabbitmq.conf
2025-03-28 12:27:28.973638+00:00 [info] <0.216.0>  cookie hash    : pxp1VrTqYaANd+ndUvOkwQ==
2025-03-28 12:27:28.973638+00:00 [info] <0.216.0>  log(s)         : /var/log/rabbitmq/rabbit@1161c5ae6e6d.log
2025-03-28 12:27:28.973638+00:00 [info] <0.216.0>                 : <stdout>
2025-03-28 12:27:28.973638+00:00 [info] <0.216.0>  data dir       : /var/lib/rabbitmq/mnesia/rabbit@1161c5ae6e6d
2025-03-28 12:27:29.258289+00:00 [info] <0.216.0> Running boot step pre_boot defined by app rabbit
2025-03-28 12:27:29.258364+00:00 [info] <0.216.0> Running boot step rabbit_global_counters defined by app rabbit
2025-03-28 12:27:29.258611+00:00 [info] <0.216.0> Running boot step rabbit_osiris_metrics defined by app rabbit
2025-03-28 12:27:29.258727+00:00 [info] <0.216.0> Running boot step rabbit_core_metrics defined by app rabbit
2025-03-28 12:27:29.259897+00:00 [info] <0.216.0> Running boot step rabbit_alarm defined by app rabbit
2025-03-28 12:27:29.267872+00:00 [info] <0.346.0> Memory high watermark set to 4567 MiB (4789837824 bytes) of 7613 MiB (7983063040 bytes) total
2025-03-28 12:27:29.271442+00:00 [info] <0.348.0> Enabling free disk space monitoring (disk free space: 17682653184, total memory: 7983063040)
2025-03-28 12:27:29.271503+00:00 [info] <0.348.0> Disk free limit set to 50MB
2025-03-28 12:27:29.273764+00:00 [info] <0.216.0> Running boot step code_server_cache defined by app rabbit
2025-03-28 12:27:29.273842+00:00 [info] <0.216.0> Running boot step file_handle_cache defined by app rabbit
2025-03-28 12:27:29.279525+00:00 [info] <0.351.0> Limiting to approx 1048479 file handles (943629 sockets)
2025-03-28 12:27:29.279657+00:00 [info] <0.352.0> FHC read buffering: OFF
2025-03-28 12:27:29.279690+00:00 [info] <0.352.0> FHC write buffering: ON
2025-03-28 12:27:29.280044+00:00 [info] <0.216.0> Running boot step worker_pool defined by app rabbit
2025-03-28 12:27:29.280185+00:00 [info] <0.294.0> Will use 12 processes for default worker pool
2025-03-28 12:27:29.280262+00:00 [info] <0.294.0> Starting worker pool 'worker_pool' with 12 processes in it
2025-03-28 12:27:29.280869+00:00 [info] <0.216.0> Running boot step rabbit_registry defined by app rabbit
2025-03-28 12:27:29.280949+00:00 [info] <0.216.0> Running boot step database defined by app rabbit
2025-03-28 12:27:29.282285+00:00 [info] <0.216.0> Peer discovery: configured backend: rabbit_peer_discovery_classic_config
2025-03-28 12:27:29.289464+00:00 [info] <0.216.0> Waiting for Mnesia tables for 30000 ms, 9 retries left
2025-03-28 12:27:29.299874+00:00 [info] <0.216.0> Successfully synced tables from a peer
2025-03-28 12:27:29.315925+00:00 [info] <0.216.0> Waiting for Mnesia tables for 30000 ms, 9 retries left
2025-03-28 12:27:29.316071+00:00 [info] <0.216.0> Successfully synced tables from a peer
2025-03-28 12:27:29.316242+00:00 [info] <0.216.0> Running boot step tracking_metadata_store defined by app rabbit
2025-03-28 12:27:29.316374+00:00 [info] <0.375.0> Setting up a table for connection tracking on this node: tracked_connection
2025-03-28 12:27:29.316440+00:00 [info] <0.375.0> Setting up a table for per-vhost connection counting on this node: tracked_connection_per_vhost
2025-03-28 12:27:29.316499+00:00 [info] <0.375.0> Setting up a table for per-user connection counting on this node: tracked_connection_per_user
2025-03-28 12:27:29.316542+00:00 [info] <0.375.0> Setting up a table for channel tracking on this node: tracked_channel
2025-03-28 12:27:29.316623+00:00 [info] <0.375.0> Setting up a table for channel tracking on this node: tracked_channel_per_user
2025-03-28 12:27:29.316737+00:00 [info] <0.216.0> Running boot step networking_metadata_store defined by app rabbit
2025-03-28 12:27:29.316877+00:00 [info] <0.216.0> Running boot step feature_flags defined by app rabbit
2025-03-28 12:27:29.318695+00:00 [info] <0.216.0> Running boot step codec_correctness_check defined by app rabbit
2025-03-28 12:27:29.318732+00:00 [info] <0.216.0> Running boot step external_infrastructure defined by app rabbit
2025-03-28 12:27:29.318788+00:00 [info] <0.216.0> Running boot step rabbit_event defined by app rabbit
2025-03-28 12:27:29.318871+00:00 [info] <0.216.0> Running boot step rabbit_auth_mechanism_amqplain defined by app rabbit
2025-03-28 12:27:29.319000+00:00 [info] <0.216.0> Running boot step rabbit_auth_mechanism_anonymous defined by app rabbit
2025-03-28 12:27:29.319047+00:00 [info] <0.216.0> Running boot step rabbit_auth_mechanism_cr_demo defined by app rabbit
2025-03-28 12:27:29.319081+00:00 [info] <0.216.0> Running boot step rabbit_auth_mechanism_plain defined by app rabbit
2025-03-28 12:27:29.319179+00:00 [info] <0.216.0> Running boot step rabbit_exchange_type_direct defined by app rabbit
2025-03-28 12:27:29.319223+00:00 [info] <0.216.0> Running boot step rabbit_exchange_type_fanout defined by app rabbit
2025-03-28 12:27:29.319255+00:00 [info] <0.216.0> Running boot step rabbit_exchange_type_headers defined by app rabbit
2025-03-28 12:27:29.319335+00:00 [info] <0.216.0> Running boot step rabbit_exchange_type_local_random defined by app rabbit
2025-03-28 12:27:29.319396+00:00 [info] <0.216.0> Running boot step rabbit_exchange_type_topic defined by app rabbit
2025-03-28 12:27:29.319495+00:00 [info] <0.216.0> Running boot step rabbit_priority_queue defined by app rabbit
2025-03-28 12:27:29.319537+00:00 [info] <0.216.0> Priority queues enabled, real BQ is rabbit_variable_queue
2025-03-28 12:27:29.319627+00:00 [info] <0.216.0> Running boot step kernel_ready defined by app rabbit
2025-03-28 12:27:29.319672+00:00 [info] <0.216.0> Running boot step pg_local_amqp_connection defined by app rabbit
2025-03-28 12:27:29.325812+00:00 [info] <0.216.0> Running boot step pg_local_amqp_session defined by app rabbit
2025-03-28 12:27:29.325953+00:00 [info] <0.216.0> Running boot step rabbit_sysmon_minder defined by app rabbit
2025-03-28 12:27:29.326111+00:00 [info] <0.216.0> Running boot step rabbit_epmd_monitor defined by app rabbit
2025-03-28 12:27:29.327163+00:00 [info] <0.384.0> epmd monitor knows us, inter-node communication (distribution) port: 25672
2025-03-28 12:27:29.327251+00:00 [info] <0.216.0> Running boot step guid_generator defined by app rabbit
2025-03-28 12:27:29.334388+00:00 [info] <0.216.0> Running boot step rabbit_node_monitor defined by app rabbit
2025-03-28 12:27:29.334692+00:00 [info] <0.388.0> Starting rabbit_node_monitor (in ignore mode)
2025-03-28 12:27:29.334853+00:00 [info] <0.216.0> Running boot step delegate_sup defined by app rabbit
2025-03-28 12:27:29.335392+00:00 [info] <0.216.0> Running boot step rabbit_fifo_dlx_sup defined by app rabbit
2025-03-28 12:27:29.335469+00:00 [info] <0.216.0> Running boot step core_initialized defined by app rabbit
2025-03-28 12:27:29.335499+00:00 [info] <0.216.0> Running boot step rabbit_channel_tracking_handler defined by app rabbit
2025-03-28 12:27:29.335600+00:00 [info] <0.216.0> Running boot step rabbit_classic_queue defined by app rabbit
2025-03-28 12:27:29.335738+00:00 [info] <0.216.0> Running boot step rabbit_connection_tracking_handler defined by app rabbit
2025-03-28 12:27:29.335800+00:00 [info] <0.216.0> Running boot step rabbit_definitions_hashing defined by app rabbit
2025-03-28 12:27:29.335870+00:00 [info] <0.216.0> Running boot step rabbit_exchange_parameters defined by app rabbit
2025-03-28 12:27:29.345303+00:00 [info] <0.216.0> Running boot step rabbit_policies defined by app rabbit
2025-03-28 12:27:29.345625+00:00 [info] <0.216.0> Running boot step rabbit_policy defined by app rabbit
2025-03-28 12:27:29.345694+00:00 [info] <0.216.0> Running boot step rabbit_quorum_memory_manager defined by app rabbit
2025-03-28 12:27:29.345759+00:00 [info] <0.216.0> Running boot step rabbit_quorum_queue defined by app rabbit
2025-03-28 12:27:29.345840+00:00 [info] <0.216.0> Running boot step rabbit_stream_coordinator defined by app rabbit
2025-03-28 12:27:29.346172+00:00 [info] <0.216.0> Running boot step rabbit_vhost_limit defined by app rabbit
2025-03-28 12:27:29.346237+00:00 [info] <0.216.0> Running boot step rabbit_mgmt_reset_handler defined by app rabbitmq_management
2025-03-28 12:27:29.346288+00:00 [info] <0.216.0> Running boot step rabbit_mgmt_db_handler defined by app rabbitmq_management_agent
2025-03-28 12:27:29.346314+00:00 [info] <0.216.0> Management plugin: using rates mode 'basic'
2025-03-28 12:27:29.346493+00:00 [info] <0.216.0> Running boot step recovery defined by app rabbit
2025-03-28 12:27:29.364634+00:00 [info] <0.420.0> Making sure data directory '/var/lib/rabbitmq/mnesia/rabbit@1161c5ae6e6d/msg_stores/vhosts/628WB79CIFDYO9LJI6DKMI09L' for vhost '/' exists
2025-03-28 12:27:29.399574+00:00 [info] <0.420.0> Starting message stores for vhost '/'
2025-03-28 12:27:29.414074+00:00 [info] <0.420.0> Started message store of type transient for vhost '/'
2025-03-28 12:27:29.416179+00:00 [warning] <0.434.0> Message store "628WB79CIFDYO9LJI6DKMI09L/msg_store_persistent": rebuilding indices from scratch
2025-03-28 12:27:29.423344+00:00 [info] <0.420.0> Started message store of type persistent for vhost '/'
2025-03-28 12:27:29.423496+00:00 [info] <0.420.0> Recovering 0 queues of type rabbit_classic_queue took 48ms
2025-03-28 12:27:29.423541+00:00 [info] <0.420.0> Recovering 0 queues of type rabbit_quorum_queue took 0ms
2025-03-28 12:27:29.423597+00:00 [info] <0.420.0> Recovering 0 queues of type rabbit_stream_queue took 0ms
2025-03-28 12:27:29.425671+00:00 [info] <0.216.0> Running boot step empty_db_check defined by app rabbit
2025-03-28 12:27:29.425743+00:00 [info] <0.216.0> Will not seed default virtual host and user: have definitions to load...
2025-03-28 12:27:29.425766+00:00 [info] <0.216.0> Running boot step rabbit_observer_cli defined by app rabbit
2025-03-28 12:27:29.425832+00:00 [info] <0.216.0> Running boot step rabbit_core_metrics_gc defined by app rabbit
2025-03-28 12:27:29.425989+00:00 [info] <0.216.0> Running boot step background_gc defined by app rabbit
2025-03-28 12:27:29.426143+00:00 [info] <0.216.0> Running boot step routing_ready defined by app rabbit
2025-03-28 12:27:29.426194+00:00 [info] <0.216.0> Running boot step pre_flight defined by app rabbit
2025-03-28 12:27:29.426249+00:00 [info] <0.216.0> Running boot step notify_cluster defined by app rabbit
2025-03-28 12:27:29.426332+00:00 [info] <0.216.0> Running boot step networking defined by app rabbit
2025-03-28 12:27:29.426353+00:00 [info] <0.216.0> Running boot step rabbit_quorum_queue_periodic_membership_reconciliation defined by app rabbit
2025-03-28 12:27:29.426538+00:00 [info] <0.216.0> Running boot step definition_import_worker_pool defined by app rabbit
2025-03-28 12:27:29.426616+00:00 [info] <0.294.0> Starting worker pool 'definition_import_pool' with 12 processes in it
2025-03-28 12:27:29.427247+00:00 [info] <0.216.0> Running boot step cluster_name defined by app rabbit
2025-03-28 12:27:29.427291+00:00 [info] <0.216.0> Running boot step virtual_host_reconciliation defined by app rabbit
2025-03-28 12:27:29.427510+00:00 [info] <0.216.0> Running boot step direct_client defined by app rabbit
2025-03-28 12:27:29.427667+00:00 [info] <0.216.0> Running boot step cluster_tags defined by app rabbit
2025-03-28 12:27:29.429370+00:00 [info] <0.216.0> Running boot step rabbit_management_load_definitions defined by app rabbitmq_management
2025-03-28 12:27:29.429552+00:00 [info] <0.481.0> Resetting node maintenance status
2025-03-28 12:27:29.577083+00:00 [warning] <0.503.0> Deprecated features: `management_metrics_collection`: Feature `management_metrics_collection` is deprecated.
2025-03-28 12:27:29.577083+00:00 [warning] <0.503.0> By default, this feature can still be used for now.
2025-03-28 12:27:29.577083+00:00 [warning] <0.503.0> Its use will not be permitted by default in a future minor RabbitMQ version and the feature will be removed from a future major RabbitMQ version; actual versions to be determined.
2025-03-28 12:27:29.577083+00:00 [warning] <0.503.0> To continue using this feature when it is not permitted by default, set the following parameter in your configuration:
2025-03-28 12:27:29.577083+00:00 [warning] <0.503.0>     "deprecated_features.permit.management_metrics_collection = true"
2025-03-28 12:27:29.577083+00:00 [warning] <0.503.0> To test RabbitMQ as if the feature was removed, set this in your configuration:
2025-03-28 12:27:29.577083+00:00 [warning] <0.503.0>     "deprecated_features.permit.management_metrics_collection = false"
2025-03-28 12:27:29.623507+00:00 [info] <0.539.0> Management plugin: HTTP (non-TLS) listener started on port 15672
2025-03-28 12:27:29.623732+00:00 [info] <0.567.0> Statistics database started.
2025-03-28 12:27:29.623826+00:00 [info] <0.566.0> Starting worker pool 'management_worker_pool' with 3 processes in it
2025-03-28 12:27:29.624326+00:00 [info] <0.575.0> rabbit_stomp: default user 'guest' enabled
2025-03-28 12:27:29.625035+00:00 [info] <0.594.0> started STOMP TCP listener on [::]:61613
2025-03-28 12:27:29.625958+00:00 [info] <0.600.0> Starting MQTT retained message store rabbit_mqtt_retained_msg_store_dets for vhost '/'
2025-03-28 12:27:29.629451+00:00 [info] <0.600.0> Recovered MQTT retained message store rabbit_mqtt_retained_msg_store_dets for vhost '/'
2025-03-28 12:27:29.630069+00:00 [info] <0.620.0> started MQTT TCP listener on [::]:1883
2025-03-28 12:27:29.630563+00:00 [info] <0.481.0> Ready to start client connection listeners
2025-03-28 12:27:29.632135+00:00 [info] <0.638.0> started TCP listener on [::]:5672
2025-03-28 12:27:29.713272+00:00 [info] <0.481.0> Server startup complete; 5 plugins started.
2025-03-28 12:27:29.713272+00:00 [info] <0.481.0>  * rabbitmq_mqtt
2025-03-28 12:27:29.713272+00:00 [info] <0.481.0>  * rabbitmq_stomp
2025-03-28 12:27:29.713272+00:00 [info] <0.481.0>  * rabbitmq_management
2025-03-28 12:27:29.713272+00:00 [info] <0.481.0>  * rabbitmq_management_agent
2025-03-28 12:27:29.713272+00:00 [info] <0.481.0>  * rabbitmq_web_dispatch
2025-03-28 12:27:29.831108+00:00 [info] <0.10.0> Time to start RabbitMQ: 3257 ms
2025-03-28 12:27:41.556327+00:00 [info] <0.652.0> accepting AMQP connection 172.21.0.1:53622 -> 172.21.0.2:5672
2025-03-28 12:27:41.610701+00:00 [info] <0.652.0> connection 172.21.0.1:53622 -> 172.21.0.2:5672 has a client-provided name: rabbitConnectionFactory#6745610d:0
2025-03-28 12:27:41.616896+00:00 [info] <0.652.0> connection 172.21.0.1:53622 -> 172.21.0.2:5672 - rabbitConnectionFactory#6745610d:0: user 'admin' authenticated and granted access to vhost '/'
2025-03-28 12:38:11.465312+00:00 [warning] <0.652.0> closing AMQP connection <0.652.0> (172.21.0.1:53622 -> 172.21.0.2:5672 - rabbitConnectionFactory#6745610d:0, vhost: '/', user: 'admin', duration: '10M, 29s'):
2025-03-28 12:38:11.465312+00:00 [warning] <0.652.0> client unexpectedly closed TCP connection
2025-03-28 12:39:38.804856+00:00 [info] <0.743.0> accepting AMQP connection 172.21.0.1:49188 -> 172.21.0.2:5672
2025-03-28 12:39:38.845588+00:00 [info] <0.743.0> connection 172.21.0.1:49188 -> 172.21.0.2:5672 has a client-provided name: rabbitConnectionFactory#3cd8a75e:0
2025-03-28 12:39:38.849881+00:00 [info] <0.743.0> connection 172.21.0.1:49188 -> 172.21.0.2:5672 - rabbitConnectionFactory#3cd8a75e:0: user 'admin' authenticated and granted access to vhost '/'
2025-03-28 14:07:20.867858+00:00 [info] <0.743.0> closing AMQP connection (172.21.0.1:49188 -> 172.21.0.2:5672 - rabbitConnectionFactory#3cd8a75e:0, vhost: '/', user: 'admin', duration: '1H, 27M, 42s')
2025-03-28 14:41:05.546532+00:00 [info] <0.2485.0> accepting AMQP connection 172.21.0.1:47112 -> 172.21.0.2:5672
2025-03-28 14:41:05.603605+00:00 [info] <0.2485.0> connection 172.21.0.1:47112 -> 172.21.0.2:5672 has a client-provided name: rabbitConnectionFactory#75f4a742:0
2025-03-28 14:41:05.611062+00:00 [info] <0.2485.0> connection 172.21.0.1:47112 -> 172.21.0.2:5672 - rabbitConnectionFactory#75f4a742:0: user 'admin' authenticated and granted access to vhost '/'
2025-03-28 14:43:50.420208+00:00 [info] <0.2485.0> closing AMQP connection (172.21.0.1:47112 -> 172.21.0.2:5672 - rabbitConnectionFactory#75f4a742:0, vhost: '/', user: 'admin', duration: '2M, 44s')
2025-03-28 14:44:11.526662+00:00 [info] <0.2531.0> accepting AMQP connection 172.21.0.1:39068 -> 172.21.0.2:5672
2025-03-28 14:44:11.585352+00:00 [info] <0.2531.0> connection 172.21.0.1:39068 -> 172.21.0.2:5672 has a client-provided name: rabbitConnectionFactory#7e09c816:0
2025-03-28 14:44:11.592149+00:00 [info] <0.2531.0> connection 172.21.0.1:39068 -> 172.21.0.2:5672 - rabbitConnectionFactory#7e09c816:0: user 'admin' authenticated and granted access to vhost '/'
2025-03-28 14:48:51.303141+00:00 [info] <0.2531.0> closing AMQP connection (172.21.0.1:39068 -> 172.21.0.2:5672 - rabbitConnectionFactory#7e09c816:0, vhost: '/', user: 'admin', duration: '4M, 39s')
2025-03-28 16:30:08.111538+00:00 [info] <0.2905.0> accepting AMQP connection 172.21.0.1:53702 -> 172.21.0.2:5672
2025-03-28 16:30:08.169111+00:00 [info] <0.2905.0> connection 172.21.0.1:53702 -> 172.21.0.2:5672 has a client-provided name: rabbitConnectionFactory#1cd61e23:0
2025-03-28 16:30:08.178267+00:00 [info] <0.2905.0> connection 172.21.0.1:53702 -> 172.21.0.2:5672 - rabbitConnectionFactory#1cd61e23:0: user 'admin' authenticated and granted access to vhost '/'
2025-03-28 16:30:20.631669+00:00 [info] <0.2905.0> closing AMQP connection (172.21.0.1:53702 -> 172.21.0.2:5672 - rabbitConnectionFactory#1cd61e23:0, vhost: '/', user: 'admin', duration: '12s')
2025-03-28 17:04:13.133258+00:00 [info] <0.3032.0> accepting AMQP connection 172.21.0.1:38068 -> 172.21.0.2:5672
2025-03-28 17:04:13.177641+00:00 [info] <0.3032.0> connection 172.21.0.1:38068 -> 172.21.0.2:5672 has a client-provided name: rabbitConnectionFactory#5b60dff4:0
2025-03-28 17:04:13.182551+00:00 [info] <0.3032.0> connection 172.21.0.1:38068 -> 172.21.0.2:5672 - rabbitConnectionFactory#5b60dff4:0: user 'admin' authenticated and granted access to vhost '/'
2025-03-28 17:16:42.604423+00:00 [info] <0.3032.0> closing AMQP connection (172.21.0.1:38068 -> 172.21.0.2:5672 - rabbitConnectionFactory#5b60dff4:0, vhost: '/', user: 'admin', duration: '12M, 29s')
2025-03-28 17:17:00.612131+00:00 [info] <0.3090.0> accepting AMQP connection 172.21.0.1:58420 -> 172.21.0.2:5672
2025-03-28 17:17:00.654674+00:00 [info] <0.3090.0> connection 172.21.0.1:58420 -> 172.21.0.2:5672 has a client-provided name: rabbitConnectionFactory#51417131:0
2025-03-28 17:17:00.658962+00:00 [info] <0.3090.0> connection 172.21.0.1:58420 -> 172.21.0.2:5672 - rabbitConnectionFactory#51417131:0: user 'admin' authenticated and granted access to vhost '/'
2025-03-28 17:31:49.403021+00:00 [info] <0.3090.0> closing AMQP connection (172.21.0.1:58420 -> 172.21.0.2:5672 - rabbitConnectionFactory#51417131:0, vhost: '/', user: 'admin', duration: '14M, 48s')
